# JRE version: Java(TM) SE Runtime Environment (12.0+33) (build 12+33)
# Java VM: Java HotSpot(TM) 64-Bit Server VM (12+33, mixed mode, sharing, tiered, compressed oops, g1 gc, windows-amd64)
Heap:
 garbage-first heap   total 96256K, used 10088K [0x00000000a2400000, 0x0000000100000000)
  region size 1024K, 7 young (7168K), 2 survivors (2048K)
 Metaspace       used 18104K, capacity 18549K, committed 18688K, reserved 1064960K
  class space    used 2083K, capacity 2257K, committed 2304K, reserved 1048576K
GC Heap History (6 events):
Event: 3.791 GC heap before
{Heap before GC invocations=0 (full 0):
 garbage-first heap   total 96256K, used 7168K [0x00000000a2400000, 0x0000000100000000)
  region size 1024K, 7 young (7168K), 0 survivors (0K)
 Metaspace       used 7807K, capacity 8111K, committed 8320K, reserved 1056768K
  class space    used 939K, capacity 1090K, committed 1152K, reserved 1048576K
}
Event: 3.809 GC heap after
{Heap after GC invocations=1 (full 0):
 garbage-first heap   total 96256K, used 2515K [0x00000000a2400000, 0x0000000100000000)
  region size 1024K, 1 young (1024K), 1 survivors (1024K)
 Metaspace       used 7807K, capacity 8111K, committed 8320K, reserved 1056768K
  class space    used 939K, capacity 1090K, committed 1152K, reserved 1048576K
}
Event: 7.571 GC heap before
{Heap before GC invocations=1 (full 0):
 garbage-first heap   total 96256K, used 5587K [0x00000000a2400000, 0x0000000100000000)
  region size 1024K, 4 young (4096K), 1 survivors (1024K)
 Metaspace       used 9734K, capacity 10091K, committed 10368K, reserved 1058816K
  class space    used 1170K, capacity 1347K, committed 1408K, reserved 1048576K
}
Event: 7.583 GC heap after
{Heap after GC invocations=2 (full 0):
 garbage-first heap   total 96256K, used 3280K [0x00000000a2400000, 0x0000000100000000)
  region size 1024K, 1 young (1024K), 1 survivors (1024K)
 Metaspace       used 9734K, capacity 10091K, committed 10368K, reserved 1058816K
  class space    used 1170K, capacity 1347K, committed 1408K, reserved 1048576K
}
Event: 9.753 GC heap before
{Heap before GC invocations=2 (full 0):
 garbage-first heap   total 96256K, used 12496K [0x00000000a2400000, 0x0000000100000000)
  region size 1024K, 10 young (10240K), 1 survivors (1024K)
 Metaspace       used 14162K, capacity 14587K, committed 14720K, reserved 1062912K
  class space    used 1645K, capacity 1814K, committed 1920K, reserved 1048576K
}
Event: 9.765 GC heap after
{Heap after GC invocations=3 (full 0):
 garbage-first heap   total 96256K, used 4968K [0x00000000a2400000, 0x0000000100000000)
  region size 1024K, 2 young (2048K), 2 survivors (2048K)
 Metaspace       used 14162K, capacity 14587K, committed 14720K, reserved 1062912K
  class space    used 1645K, capacity 1814K, committed 1920K, reserved 1048576K
}

