# JRE version: Java(TM) SE Runtime Environment (12.0+33) (build 12+33)
# Java VM: Java HotSpot(TM) 64-Bit Server VM (12+33, mixed mode, sharing, tiered, compressed oops, g1 gc, windows-amd64)
Heap:
 garbage-first heap   total 96256K, used 20645K [0x00000000a2400000, 0x0000000100000000)
  region size 1024K, 21 young (21504K), 6 survivors (6144K)
 Metaspace       used 14325K, capacity 15890K, committed 16000K, reserved 1062912K
  class space    used 1648K, capacity 1880K, committed 1920K, reserved 1048576K
GC Heap History (10 events):
Event: 4.170 GC heap before
{Heap before GC invocations=0 (full 0):
 garbage-first heap   total 96256K, used 6144K [0x00000000a2400000, 0x0000000100000000)
  region size 1024K, 7 young (7168K), 0 survivors (0K)
 Metaspace       used 2093K, capacity 5638K, committed 5760K, reserved 1056768K
  class space    used 186K, capacity 540K, committed 640K, reserved 1048576K
}
Event: 4.196 GC heap after
{Heap after GC invocations=1 (full 0):
 garbage-first heap   total 96256K, used 2052K [0x00000000a2400000, 0x0000000100000000)
  region size 1024K, 1 young (1024K), 1 survivors (1024K)
 Metaspace       used 2093K, capacity 5638K, committed 5760K, reserved 1056768K
  class space    used 186K, capacity 540K, committed 640K, reserved 1048576K
}
Event: 5.676 GC heap before
{Heap before GC invocations=1 (full 0):
 garbage-first heap   total 96256K, used 7172K [0x00000000a2400000, 0x0000000100000000)
  region size 1024K, 6 young (6144K), 1 survivors (1024K)
 Metaspace       used 3163K, capacity 6378K, committed 6656K, reserved 1056768K
  class space    used 318K, capacity 661K, committed 768K, reserved 1048576K
}
Event: 5.688 GC heap after
{Heap after GC invocations=2 (full 0):
 garbage-first heap   total 96256K, used 2933K [0x00000000a2400000, 0x0000000100000000)
  region size 1024K, 1 young (1024K), 1 survivors (1024K)
 Metaspace       used 3163K, capacity 6378K, committed 6656K, reserved 1056768K
  class space    used 318K, capacity 661K, committed 768K, reserved 1048576K
}
Event: 7.905 GC heap before
{Heap before GC invocations=2 (full 0):
 garbage-first heap   total 96256K, used 15221K [0x00000000a2400000, 0x0000000100000000)
  region size 1024K, 13 young (13312K), 1 survivors (1024K)
 Metaspace       used 5134K, capacity 7766K, committed 7808K, reserved 1056768K
  class space    used 600K, capacity 889K, committed 896K, reserved 1048576K
}
Event: 7.919 GC heap after
{Heap after GC invocations=3 (full 0):
 garbage-first heap   total 96256K, used 3462K [0x00000000a2400000, 0x0000000100000000)
  region size 1024K, 2 young (2048K), 2 survivors (2048K)
 Metaspace       used 5134K, capacity 7766K, committed 7808K, reserved 1056768K
  class space    used 600K, capacity 889K, committed 896K, reserved 1048576K
}
Event: 10.823 GC heap before
{Heap before GC invocations=3 (full 0):
 garbage-first heap   total 96256K, used 19846K [0x00000000a2400000, 0x0000000100000000)
  region size 1024K, 19 young (19456K), 2 survivors (2048K)
 Metaspace       used 6935K, capacity 9336K, committed 9600K, reserved 1058816K
  class space    used 811K, capacity 1088K, committed 1152K, reserved 1048576K
}
Event: 10.830 GC heap after
{Heap after GC invocations=4 (full 0):
 garbage-first heap   total 96256K, used 3932K [0x00000000a2400000, 0x0000000100000000)
  region size 1024K, 2 young (2048K), 2 survivors (2048K)
 Metaspace       used 6935K, capacity 9336K, committed 9600K, reserved 1058816K
  class space    used 811K, capacity 1088K, committed 1152K, reserved 1048576K
}
Event: 25.013 GC heap before
{Heap before GC invocations=4 (full 0):
 garbage-first heap   total 96256K, used 59228K [0x00000000a2400000, 0x0000000100000000)
  region size 1024K, 56 young (57344K), 2 survivors (2048K)
 Metaspace       used 13297K, capacity 15047K, committed 15104K, reserved 1062912K
  class space    used 1522K, capacity 1764K, committed 1792K, reserved 1048576K
}
Event: 25.057 GC heap after
{Heap after GC invocations=5 (full 0):
 garbage-first heap   total 96256K, used 7333K [0x00000000a2400000, 0x0000000100000000)
  region size 1024K, 6 young (6144K), 6 survivors (6144K)
 Metaspace       used 13297K, capacity 15047K, committed 15104K, reserved 1062912K
  class space    used 1522K, capacity 1764K, committed 1792K, reserved 1048576K
}

