<?xml version="1.0" encoding="UTF-8" ?>
<testsuite tests="3" failures="0" name="Controlador.JuegoTest" time="0.005" errors="0" skipped="0">
  <properties>
[...]
</properties>
  <testcase classname="Controlador.JuegoTest" name="Controlador.JuegoTest.testMensajeincorrecto" time="0.005"/>
  <testcase classname="Controlador.JuegoTest" name="Controlador.JuegoTest.testmensajecorrecto" time="0"/>
  <testcase classname="Controlador.JuegoTest" name="Controlador.JuegoTest.testmensajeseleccionerespuesta" time="0"/>
</testsuite>